<?xml version="1.0" encoding="utf-8"?><testsuites name="pytest tests"><testsuite name="pytest" errors="0" failures="0" skipped="0" tests="17" time="2.954" timestamp="2026-07-02T09:56:06.144758+00:00" hostname="agent-env-0ef6d49d-c7ef-4302-97fb-34ea2fd395dd"><testcase classname="tests.backend_test.TestProtectedRoutes" name="test_patch_settings_requires_auth" time="0.162" /><testcase classname="tests.backend_test.TestAuth" name="test_login_success" time="0.401" /><testcase classname="tests.backend_test.TestProtectedRoutes" name="test_create_project_requires_auth" time="0.236" /><testcase classname="tests.backend_test.TestProtectedRoutes" name="test_create_education_requires_auth" time="0.054" /><testcase classname="tests.backend_test.TestAuth" name="test_login_wrong_password" time="0.300" /><testcase classname="tests.backend_test.TestProtectedRoutes" name="test_admin_messages_requires_auth" time="0.232" /><testcase classname="tests.backend_test.TestPublicContent" name="test_settings_singleton" time="0.095" /><testcase classname="tests.backend_test.TestPublicContent" name="test_projects_seeded_three" time="0.201" /><testcase classname="tests.backend_test.TestAuth" name="test_me_with_token" time="0.340" /><testcase classname="tests.backend_test.TestPublicContent" name="test_education_seeded" time="0.061" /><testcase classname="tests.backend_test.TestAuth" name="test_me_without_token" time="0.057" /><testcase classname="tests.backend_test.TestBruteForce" name="test_lockout_after_5_wrong_attempts" time="0.369" /><testcase classname="tests.backend_test.TestHealth" name="test_root" time="0.058" /><testcase classname="tests.backend_test.TestProjectsCRUD" name="test_create_update_delete" time="0.334" /><testcase classname="tests.backend_test.TestContactToAdmin" name="test_contact_creates_and_appears_in_admin_messages" time="0.368" /><testcase classname="tests.backend_test.TestSettingsUpdate" name="test_patch_and_revert_tagline" time="0.610" /><testcase classname="tests.backend_test.TestEducationCRUD" name="test_create_update_delete" time="0.172" /></testsuite></testsuites>