<?xml version="1.0" encoding="utf-8"?><testsuites name="pytest tests"><testsuite name="pytest" errors="0" failures="0" skipped="0" tests="7" time="1.171" timestamp="2026-07-01T19:47:29.618489+00:00" hostname="agent-env-0ef6d49d-c7ef-4302-97fb-34ea2fd395dd"><testcase classname="tests.backend_test.TestHealth" name="test_root" time="0.313" /><testcase classname="tests.backend_test.TestContact" name="test_create_contact_message" time="0.240" /><testcase classname="tests.backend_test.TestContact" name="test_list_contains_created_message" time="0.107" /><testcase classname="tests.backend_test.TestContact" name="test_create_contact_without_subject" time="0.066" /><testcase classname="tests.backend_test.TestContact" name="test_invalid_email_returns_422" time="0.077" /><testcase classname="tests.backend_test.TestContact" name="test_missing_name_returns_422" time="0.062" /><testcase classname="tests.backend_test.TestContact" name="test_empty_message_returns_422" time="0.062" /></testsuite></testsuites>